<?xml version="1.0" encoding="UTF-8"?>
<testng-results skipped="0" failed="0" ignored="0" total="1" passed="1">
  <reporter-output>
    <line>
      <![CDATA[Extent Report Directory/Users/ferhanali/IdeaProjects/WebFramework/izaan/target/surefire-reports/html]]>
    </line>
  </reporter-output>
  <suite name="IzaanTest" duration-ms="22622" started-at="2020-05-14T02:52:30Z" finished-at="2020-05-14T02:52:53Z">
    <groups>
    </groups>
    <test name="Ecommerce Home" duration-ms="22622" started-at="2020-05-14T02:52:30Z" finished-at="2020-05-14T02:52:53Z">
      <class name="page_objects_test.IzaanHomePageTest">
        <test-method status="PASS" signature="extentSetup(org.testng.ITestContext)[pri:0, instance:page_objects_test.IzaanHomePageTest@5cc7c2a6]" name="extentSetup" is-config="true" duration-ms="503" started-at="2020-05-13T22:52:30Z" finished-at="2020-05-13T22:52:30Z">
          <params>
            <param index="0">
              <value>
                <![CDATA[org.testng.TestRunner@291a7e3c]]>
              </value>
            </param>
          </params>
          <reporter-output>
            <line>
              <![CDATA[Extent Report Directory/Users/ferhanali/IdeaProjects/WebFramework/izaan/target/surefire-reports/html]]>
            </line>
          </reporter-output>
        </test-method> <!-- extentSetup -->
        <test-method status="PASS" signature="setUp(boolean, java.lang.String, java.lang.String, java.lang.String, java.lang.String, java.lang.String, java.lang.String)[pri:0, instance:page_objects_test.IzaanHomePageTest@5cc7c2a6]" name="setUp" is-config="true" duration-ms="16022" started-at="2020-05-13T22:52:30Z" finished-at="2020-05-13T22:52:46Z">
          <params>
            <param index="0">
              <value>
                <![CDATA[false]]>
              </value>
            </param>
            <param index="1">
              <value>
                <![CDATA[browserstack]]>
              </value>
            </param>
            <param index="2">
              <value>
                <![CDATA[mac]]>
              </value>
            </param>
            <param index="3">
              <value>
                <![CDATA[Mojave]]>
              </value>
            </param>
            <param index="4">
              <value>
                <![CDATA[chrome]]>
              </value>
            </param>
            <param index="5">
              <value>
                <![CDATA[76.0]]>
              </value>
            </param>
            <param index="6">
              <value>
                <![CDATA[http://izaan.io]]>
              </value>
            </param>
          </params>
          <reporter-output>
          </reporter-output>
        </test-method> <!-- setUp -->
        <test-method status="PASS" signature="startExtent(java.lang.reflect.Method)[pri:0, instance:page_objects_test.IzaanHomePageTest@5cc7c2a6]" name="startExtent" is-config="true" duration-ms="38" started-at="2020-05-13T22:52:46Z" finished-at="2020-05-13T22:52:46Z">
          <params>
            <param index="0">
              <value>
                <![CDATA[public void page_objects_test.IzaanHomePageTest.findSignIn() throws java.lang.InterruptedException]]>
              </value>
            </param>
          </params>
          <reporter-output>
          </reporter-output>
        </test-method> <!-- startExtent -->
        <test-method status="PASS" signature="intialize()[pri:0, instance:page_objects_test.IzaanHomePageTest@5cc7c2a6]" name="intialize" is-config="true" duration-ms="80" started-at="2020-05-13T22:52:46Z" finished-at="2020-05-13T22:52:47Z">
          <reporter-output>
          </reporter-output>
        </test-method> <!-- intialize -->
        <test-method status="PASS" signature="findSignIn()[pri:0, instance:page_objects_test.IzaanHomePageTest@5cc7c2a6]" name="findSignIn" duration-ms="4657" started-at="2020-05-13T22:52:47Z" finished-at="2020-05-13T22:52:51Z">
          <reporter-output>
          </reporter-output>
        </test-method> <!-- findSignIn -->
        <test-method status="PASS" signature="afterEachTestMethod(org.testng.ITestResult)[pri:0, instance:page_objects_test.IzaanHomePageTest@5cc7c2a6]" name="afterEachTestMethod" is-config="true" duration-ms="1716" started-at="2020-05-13T22:52:51Z" finished-at="2020-05-13T22:52:53Z">
          <params>
            <param index="0">
              <value>
                <![CDATA[[TestResult name=findSignIn status=SUCCESS method=IzaanHomePageTest.findSignIn()[pri:0, instance:page_objects_test.IzaanHomePageTest@5cc7c2a6] output={null}]]]>
              </value>
            </param>
          </params>
          <reporter-output>
          </reporter-output>
        </test-method> <!-- afterEachTestMethod -->
        <test-method status="PASS" signature="closeOut()[pri:0, instance:page_objects_test.IzaanHomePageTest@5cc7c2a6]" name="closeOut" is-config="true" duration-ms="1" started-at="2020-05-13T22:52:53Z" finished-at="2020-05-13T22:52:53Z">
          <reporter-output>
          </reporter-output>
        </test-method> <!-- closeOut -->
        <test-method status="PASS" signature="generateReport()[pri:0, instance:page_objects_test.IzaanHomePageTest@5cc7c2a6]" name="generateReport" is-config="true" duration-ms="219" started-at="2020-05-13T22:52:53Z" finished-at="2020-05-13T22:52:53Z">
          <reporter-output>
          </reporter-output>
        </test-method> <!-- generateReport -->
      </class> <!-- page_objects_test.IzaanHomePageTest -->
    </test> <!-- Ecommerce Home -->
  </suite> <!-- IzaanTest -->
</testng-results>
